<?xml version="1.0" encoding="UTF-8"?>
<testsuite xmlns:xsi="http://www.w3.org/2001/XMLSchema-instance" xsi:noNamespaceSchemaLocation="https://maven.apache.org/surefire/maven-surefire-plugin/xsd/surefire-test-report.xsd" name="testRunner.TestRunner" time="78.514" tests="5" errors="0" skipped="0" failures="1">
  <properties>
[...]
</properties>
  <testcase name="Add a new customer" classname="Customers" time="20.912"/>
  <testcase name="Search customer by email" classname="Customers" time="17.604"/>
  <testcase name="Successful login" classname="Login" time="17.671"/>
  <testcase name="Login - Data Driven" classname="Login" time="16.667"/>
  <testcase name="Login - Data Driven" classname="Login" time="5.257">
    <failure type="java.lang.AssertionError">java.lang.AssertionError
</failure>
    <system-out><![CDATA[
  @regression
  Scenario Outline: Login - Data Driven                                     # Features/Login.feature:29
    Given User launches browser                                             # Steps.user_launches_browser()
 INFO [main] (Steps.java:74)- **** Opening URL ****
2021-02-21 19:03:21,820 [main] INFO nopcommerce - **** Opening URL ****
    When User opens Url "https://admin-demo.nopcommerce.com/login"          # Steps.user_opens_Url(String)
 INFO [main] (Steps.java:81)- **** Setting user email and password ****
2021-02-21 19:03:22,334 [main] INFO nopcommerce - **** Setting user email and password ****
    And User enters email as "admin1@yourstore.com" and password "admin123" # Steps.user_enters_email_as_and_password(String,String)
 INFO [main] (Steps.java:95)- **** User clicks Login button ****
2021-02-21 19:03:22,556 [main] INFO nopcommerce - **** User clicks Login button ****
    And User clicks on Login button                                         # Steps.user_clicks_on_Login_button()
 INFO [main] (Steps.java:104)- **** Loging failed ****
2021-02-21 19:03:26,113 [main] INFO nopcommerce - **** Loging failed ****
    Then Page title should be "Dashboard / nopCommerce administration"      # Steps.page_title_should_be(String)
      java.lang.AssertionError
	at org.junit.Assert.fail(Assert.java:86)
	at org.junit.Assert.assertTrue(Assert.java:41)
	at org.junit.Assert.assertTrue(Assert.java:52)
	at stepDefinitions.Steps.page_title_should_be(Steps.java:105)
	at ✽.Page title should be "Dashboard / nopCommerce administration"(file:Features/Login.feature:21)

    When User clicks on log out link                                        # Steps.user_clicks_on_log_out_link()
    Then Page title should be "Your store. Login"                           # Steps.page_title_should_be(String)
    And close browser                                                       # Steps.close_browser()
]]></system-out>
    <system-err><![CDATA[log4j:WARN No such property [file] in org.apache.log4j.ConsoleAppender.
Starting ChromeDriver 88.0.4324.96 (68dba2d8a0b149a1d3afac56fa74648032bcf46b-refs/branch-heads/4324@{#1784}) on port 3379
Only local connections are allowed.
Please see https://chromedriver.chromium.org/security-considerations for suggestions on keeping ChromeDriver safe.
ChromeDriver was started successfully.
Feb. 21, 2021 7:03:21 P.M. org.openqa.selenium.remote.ProtocolHandshake createSession
INFO: Detected dialect: W3C
]]></system-err>
  </testcase>
</testsuite>