-------------------------------------------------------------------------------
Test set: testRunner.TestRunner
-------------------------------------------------------------------------------
Tests run: 5, Failures: 1, Errors: 0, Skipped: 0, Time elapsed: 78.514 s <<< FAILURE! - in testRunner.TestRunner
Login - Data Driven(Login)  Time elapsed: 5.257 s  <<< FAILURE!
java.lang.AssertionError

